2023-03-01 22:56:27 (WARNING) >>> Введено не корректное выражение! 
2023-03-02 12:49:09 (WARNING) >>> Вы ввели не правильную команду! 
2023-03-02 12:49:11 (WARNING) >>> Вы ввели не правильную команду! 
2023-03-02 12:49:26 (WARNING) >>> Введено не корректное выражение! 
2023-03-02 12:50:04 (WARNING) >>> Вы ввели не правильную команду! 
2023-03-02 13:13:24 (INFO   ) >>> Пользователь ввел >>> 1 
2023-03-02 13:13:24 (INFO   ) >>> Пользователь ввел команду >>> 1 
2023-03-02 13:13:44 (INFO   ) >>> Пользователь ввел >>> йцу 
2023-03-02 13:13:44 (WARNING) >>> Введено не корректное выражение! 
2023-03-02 13:13:49 (INFO   ) >>> Пользователь ввел >>> 2 
2023-03-02 13:13:49 (INFO   ) >>> Пользователь ввел команду >>> 2 
2023-03-02 13:13:55 (INFO   ) >>> Пользователь ввел >>> (7 + 10i) * (2 - 3i) 
2023-03-02 13:13:55 (INFO   ) >>> Результат вычислений >>> 11.0 + 23.0i 
2023-03-02 13:14:02 (INFO   ) >>> Пользователь ввел >>> 0 
2023-03-02 13:14:02 (INFO   ) >>> Пользователь ввел команду >>> 0 
2023-03-02 13:18:25 (INFO   ) >>> Пользователь ввел >>> 2 
2023-03-02 13:18:25 (INFO   ) >>> Пользователь ввел команду >>> 2 
2023-03-02 13:18:30 (INFO   ) >>> Пользователь ввел >>> (7 + 10i) * (2 - 3i) 
2023-03-02 13:18:30 (INFO   ) >>> Результат вычислений >>> 11.0 + 23.0i 
2023-03-02 13:18:40 (INFO   ) >>> Пользователь ввел >>> 0 
2023-03-02 13:18:40 (INFO   ) >>> Пользователь ввел команду >>> 0 
2023-03-02 13:19:42 (INFO   ) >>> Пользователь ввел >>> 2 
2023-03-02 13:19:42 (INFO   ) >>> Пользователь ввел команду >>> 2 
2023-03-02 13:20:05 (INFO   ) >>> Пользователь ввел >>> (2 + 32i) / (1 - 11i) 
2023-03-02 13:20:05 (WARNING) >>> Введено не корректное выражение! 
2023-03-02 13:20:20 (INFO   ) >>> Пользователь ввел >>> 2 
2023-03-02 13:20:20 (INFO   ) >>> Пользователь ввел команду >>> 2 
2023-03-02 13:20:27 (INFO   ) >>> Пользователь ввел >>> (2 + 32i) : (1 - 11i) 
2023-03-02 13:20:27 (INFO   ) >>> Результат вычислений >>> 2.5 + 0.5i 
2023-03-02 13:20:32 (INFO   ) >>> Пользователь ввел >>> 0 
2023-03-02 13:20:32 (INFO   ) >>> Пользователь ввел команду >>> 0 
2023-03-02 13:26:15 (INFO   ) >>> Пользователь ввел >>> 1 
2023-03-02 13:26:15 (INFO   ) >>> Пользователь ввел команду >>> 1 
2023-03-02 13:26:31 (INFO   ) >>> Пользователь ввел >>> /2 / -1/7 
2023-03-02 13:26:31 (WARNING) >>> Введено не корректное выражение! 
2023-03-02 13:26:51 (INFO   ) >>> Пользователь ввел >>> 1 
2023-03-02 13:26:51 (INFO   ) >>> Пользователь ввел команду >>> 1 
2023-03-02 13:26:52 (INFO   ) >>> Пользователь ввел >>>  
2023-03-02 13:26:52 (WARNING) >>> Введено не корректное выражение! 
2023-03-02 13:27:00 (INFO   ) >>> Пользователь ввел >>> 1 
2023-03-02 13:27:00 (INFO   ) >>> Пользователь ввел команду >>> 1 
2023-03-02 13:27:12 (INFO   ) >>> Пользователь ввел >>> 3/2 : -1/7 
2023-03-02 13:27:12 (INFO   ) >>> Результат вычислений >>> -21/2 
2023-03-02 13:27:23 (INFO   ) >>> Пользователь ввел >>> 0 
2023-03-02 13:27:23 (INFO   ) >>> Пользователь ввел команду >>> 0 
2023-03-02 20:34:35 (INFO   ) >>> Пользователь ввел >>> 1 
2023-03-02 20:34:35 (INFO   ) >>> Пользователь ввел команду >>> 1 
2023-03-02 20:34:40 (INFO   ) >>> Пользователь ввел >>> 1/2 + -3/7 
2023-03-02 20:34:40 (INFO   ) >>> Результат вычислений >>> 1/14 
2023-03-02 20:45:43 (INFO   ) >>> Пользователь ввел >>> 2 
2023-03-02 20:45:43 (INFO   ) >>> Пользователь ввел команду >>> 2 
2023-03-02 20:45:49 (INFO   ) >>> Пользователь ввел >>> (7 + 10i) * (2 - 3i) 
2023-03-02 20:45:49 (INFO   ) >>> Результат вычислений >>> 11.0 + 23.0i 
2023-03-02 20:59:32 (INFO   ) >>> Пользователь ввел >>> 123 
2023-03-02 20:59:32 (INFO   ) >>> Пользователь ввел команду >>> 123 
2023-03-02 20:59:32 (WARNING) >>> Введена не корректная команда! 
2023-03-02 20:59:35 (INFO   ) >>> Пользователь ввел >>> 0 
2023-03-02 20:59:35 (INFO   ) >>> Пользователь ввел команду >>> 0 
